-------------------------------------------------------------------------------
Test set: cat.uab.tqs._2048.model.GameBoardTest
-------------------------------------------------------------------------------
Tests run: 15, Failures: 0, Errors: 1, Skipped: 0, Time elapsed: 0.098 sec <<< FAILURE! - in cat.uab.tqs._2048.model.GameBoardTest
testSpawnTileControlled()  Time elapsed: 0.007 sec  <<< ERROR!
java.lang.NullPointerException: Cannot read the array length because "this.predefinedTiles" is null
	at cat.uab.tqs._2048.model.GameBoardTest.testSpawnTileControlled(TestGameBoard.java:157)

