-------------------------------------------------------------------------------
Test set: cat.uab.tqs._2048.model.GameBoardTest
-------------------------------------------------------------------------------
Tests run: 17, Failures: 1, Errors: 0, Skipped: 0, Time elapsed: 0.027 sec <<< FAILURE! - in cat.uab.tqs._2048.model.GameBoardTest
testSwipeLeft()  Time elapsed: 0.003 sec  <<< FAILURE!
org.opentest4j.AssertionFailedError: Tiles should move correctly after swipe left. ==> expected: <0> but was: <4>
	at cat.uab.tqs._2048.model.GameBoardTest.testSwipeLeft(TestGameBoard.java:90)

