<?xml version="1.0" encoding="UTF-8"?>
<testsuite xmlns:xsi="http://www.w3.org/2001/XMLSchema-instance" xsi:schemaLocation="https://maven.apache.org/surefire/maven-surefire-plugin/xsd/surefire-test-report.xsd" name="cat.uab.tqs._2048.model.GameBoardTest" time="0.098" tests="15" errors="1" skipped="0" failures="0">
  <properties>
[...]
</properties>
  <testcase name="testSwipeDown" classname="cat.uab.tqs._2048.model.GameBoardTest" time="0.016"/>
  <testcase name="testSwipeLeft" classname="cat.uab.tqs._2048.model.GameBoardTest" time="0.001"/>
  <testcase name="testProcessMovementsLeft" classname="cat.uab.tqs._2048.model.GameBoardTest" time="0.001"/>
  <testcase name="testSpawnTileControlled" classname="cat.uab.tqs._2048.model.GameBoardTest" time="0.007">
    <error message="Cannot read the array length because &quot;this.predefinedTiles&quot; is null" type="java.lang.NullPointerException">java.lang.NullPointerException: Cannot read the array length because "this.predefinedTiles" is null
	at cat.uab.tqs._2048.model.GameBoardTest.testSpawnTileControlled(TestGameBoard.java:157)
</error>
  </testcase>
  <testcase name="testInitialBoardHasTwoTiles" classname="cat.uab.tqs._2048.model.GameBoardTest" time="0.001"/>
  <testcase name="testMerge" classname="cat.uab.tqs._2048.model.GameBoardTest" time="0"/>
  <testcase name="testSetGameBoardValidBoard" classname="cat.uab.tqs._2048.model.GameBoardTest" time="0"/>
  <testcase name="testSwipeRight" classname="cat.uab.tqs._2048.model.GameBoardTest" time="0.001"/>
  <testcase name="testProcessMovementsRight" classname="cat.uab.tqs._2048.model.GameBoardTest" time="0.001"/>
  <testcase name="testCompress" classname="cat.uab.tqs._2048.model.GameBoardTest" time="0"/>
  <testcase name="testReverseArray" classname="cat.uab.tqs._2048.model.GameBoardTest" time="0.001"/>
  <testcase name="testIsGameOver" classname="cat.uab.tqs._2048.model.GameBoardTest" time="0"/>
  <testcase name="testGameNotOverWhenEmptyTileExists" classname="cat.uab.tqs._2048.model.GameBoardTest" time="0"/>
  <testcase name="testSetGameBoardInvalidBoard" classname="cat.uab.tqs._2048.model.GameBoardTest" time="0.001"/>
  <testcase name="testSwipeUp" classname="cat.uab.tqs._2048.model.GameBoardTest" time="0.001"/>
</testsuite>