<?xml version="1.0" encoding="UTF-8"?>
<testsuite xmlns:xsi="http://www.w3.org/2001/XMLSchema-instance" xsi:schemaLocation="https://maven.apache.org/surefire/maven-surefire-plugin/xsd/surefire-test-report.xsd" name="cat.uab.tqs._2048.controller.GameControllerTest" time="0.588" tests="6" errors="1" skipped="0" failures="1">
  <properties>
[...]
</properties>
  <testcase name="testMockGameView" classname="cat.uab.tqs._2048.controller.GameControllerTest" time="0.485">
    <failure message="El tablero pasado a la vista no coincide con el esperado ==&gt; array contents differ at index [0][2], expected: &lt;0&gt; but was: &lt;2&gt;" type="org.opentest4j.AssertionFailedError"><![CDATA[org.opentest4j.AssertionFailedError: El tablero pasado a la vista no coincide con el esperado ==> array contents differ at index [0][2], expected: <0> but was: <2>
	at cat.uab.tqs._2048.controller.GameControllerTest.testMockGameView(TestGameController.java:263)
]]></failure>
  </testcase>
  <testcase name="testProcessInputSwipeRight" classname="cat.uab.tqs._2048.controller.GameControllerTest" time="0.004"/>
  <testcase name="testProcessInputSwipeUp" classname="cat.uab.tqs._2048.controller.GameControllerTest" time="0.002"/>
  <testcase name="testProcessInputSwipeDown" classname="cat.uab.tqs._2048.controller.GameControllerTest" time="0.001"/>
  <testcase name="testProcessInputSwipeLeft" classname="cat.uab.tqs._2048.controller.GameControllerTest" time="0.001"/>
  <testcase name="testProcessMultipleInputs" classname="cat.uab.tqs._2048.controller.GameControllerTest" time="0.011">
    <error message="&#10;Unnecessary stubbings detected.&#10;Clean &amp; maintainable test code requires zero unnecessary code.&#10;Following stubbings are unnecessary (click to navigate to relevant line of code):&#10;  1. -&gt; at cat.uab.tqs._2048.controller.GameControllerTest.testProcessMultipleInputs(TestGameController.java:216)&#10;  2. -&gt; at cat.uab.tqs._2048.controller.GameControllerTest.testProcessMultipleInputs(TestGameController.java:217)&#10;Please remove unnecessary stubbings or use &apos;lenient&apos; strictness. More info: javadoc for UnnecessaryStubbingException class." type="org.mockito.exceptions.misusing.UnnecessaryStubbingException"><![CDATA[org.mockito.exceptions.misusing.UnnecessaryStubbingException: 

Unnecessary stubbings detected.
Clean & maintainable test code requires zero unnecessary code.
Following stubbings are unnecessary (click to navigate to relevant line of code):
  1. -> at cat.uab.tqs._2048.controller.GameControllerTest.testProcessMultipleInputs(TestGameController.java:216)
  2. -> at cat.uab.tqs._2048.controller.GameControllerTest.testProcessMultipleInputs(TestGameController.java:217)
Please remove unnecessary stubbings or use 'lenient' strictness. More info: javadoc for UnnecessaryStubbingException class.
]]></error>
  </testcase>
</testsuite>